MPASM 5.86                          MAIN.ASM   3-25-2026  9:46:29         PAGE  1


LOC  OBJECT CODE     LINE SOURCE TEXT
  VALUE

                      00001 ; PIC16F84A Configuration Bit Settings
                      00002 
                      00003 ; Assembly source line config statements
                      00004 
                      00005 #include "p16f84a.inc"
                      00001         LIST
                      00002 
                      00003 ;==========================================================================
                      00004 ; Build date : Oct 24 2019
                      00005 ;  MPASM PIC16F84A processor include
                      00006 ; 
                      00007 ;  (c) Copyright 1999-2019 Microchip Technology, All rights reserved
                      00008 ;==========================================================================
                      00009 
                      00209         LIST
                      00006 
                      00007 ; CONFIG
                      00008 ; __config 0xFFFB
2007   3FFB           00009  __CONFIG _FOSC_EXTRC & _WDTE_OFF & _PWRTE_OFF & _CP_OFF
                      00010 
                      00011     ORG     0x00
0000   2???           00012     GOTO    MAIN
                      00013     ORG     0x04
0004   0009           00014     RETFIE
0005                  00015 MAIN
0005   2???           00016     CALL    SETPORT
0006   2???           00017     GOTO    A
                      00018     
0007                  00019 SETPORT
0007   1683           00020     BSF     STATUS, RP0 ; Switch to Bank1
0008   3007           00021     MOVLW   0x07        ; Port A: Pins 0-2 input, 3-4 output
Message[302]: Register in operand not in bank 0.  Ensure that bank bits are correct.
0009   0085           00022     MOVWF   TRISA
Message[302]: Register in operand not in bank 0.  Ensure that bank bits are correct.
000A   0186           00023     CLRF    TRISB       ; Port B: All pins set to output
000B   1283           00024     BCF     STATUS, RP0 ; Switch to Bank0
000C   0008           00025     RETURN
                      00026     
000D                  00027 A
000D   1C05           00028     BTFSS   PORTA, 0    ; Skip if PA0 = 1
000E   2???           00029     GOTO    A           
                      00030     
000F   1D05           00031     BTFSS   PORTA, 2    ; Skip if PA2 = 1
0010   2???           00032     GOTO    PA2_0
0011   2???           00033     GOTO    PA2_1
                      00034     
0012                  00035 PA2_0
0012   1C85           00036     BTFSS   PORTA, 1    ; Skip if PA1 = 1
0013   2???           00037     GOTO    SET_00
0014   2???           00038     GOTO    SET_01
                      00039     
0015                  00040 PA2_1
0015   1C85           00041     BTFSS   PORTA, 1    ; Skip if PA1 = 1
MPASM 5.86                          MAIN.ASM   3-25-2026  9:46:29         PAGE  2


LOC  OBJECT CODE     LINE SOURCE TEXT
  VALUE

0016   2???           00042     GOTO    SET_04
0017   2???           00043     GOTO    SET_05
                      00044     
0018                  00045 SET_00
0018   3000           00046     MOVLW   0x00
0019   0086           00047     MOVWF   PORTB       ; Set PORTB to 0x00
001A   2???           00048     GOTO    A
                      00049     
001B                  00050 SET_01
001B   3001           00051     MOVLW   0x01
001C   0086           00052     MOVWF   PORTB       ; Set PORTB to 0x01
001D   2???           00053     GOTO    A
                      00054     
001E                  00055 SET_04
001E   3004           00056     MOVLW   0x04
001F   0086           00057     MOVWF   PORTB       ; Set PORTB to 0x04
0020   2???           00058     GOTO    A
                      00059     
0021                  00060 SET_05
0021   3005           00061     MOVLW   0x05
0022   0086           00062     MOVWF   PORTB       ; Set PORTB to 0x05
0023   2???           00063     GOTO    A
                      00064 
3FFB                  00065     END
MPASM 5.86                          MAIN.ASM   3-25-2026  9:46:29         PAGE  3


SYMBOL TABLE
  LABEL                             VALUE 

A                                 0000000D
C                                 00000000
DC                                00000001
EEADR                             00000009
EECON1                            00000088
EECON2                            00000089
EEDATA                            00000008
EEIE                              00000006
EEIF                              00000004
F                                 00000001
FSR                               00000004
GIE                               00000007
INDF                              00000000
INTCON                            0000000B
INTE                              00000004
INTEDG                            00000006
INTF                              00000001
IRP                               00000007
MAIN                              00000005
NOT_PD                            00000003
NOT_RBPU                          00000007
NOT_TO                            00000004
OPTION_REG                        00000081
PA2_0                             00000012
PA2_1                             00000015
PCL                               00000002
PCLATH                            0000000A
PORTA                             00000005
PORTB                             00000006
PS0                               00000000
PS1                               00000001
PS2                               00000002
PSA                               00000003
RA0                               00000000
RA1                               00000001
RA2                               00000002
RA3                               00000003
RA4                               00000004
RB0                               00000000
RB1                               00000001
RB2                               00000002
RB3                               00000003
RB4                               00000004
RB5                               00000005
RB6                               00000006
RB7                               00000007
RBIE                              00000003
RBIF                              00000000
RD                                00000000
RP0                               00000005
RP1                               00000006
SETPORT                           00000007
SET_00                            00000018
MPASM 5.86                          MAIN.ASM   3-25-2026  9:46:29         PAGE  4


SYMBOL TABLE
  LABEL                             VALUE 

SET_01                            0000001B
SET_04                            0000001E
SET_05                            00000021
STATUS                            00000003
T0CS                              00000005
T0IE                              00000005
T0IF                              00000002
T0SE                              00000004
TMR0                              00000001
TMR0IE                            00000005
TMR0IF                            00000002
TRISA                             00000085
TRISA0                            00000000
TRISA1                            00000001
TRISA2                            00000002
TRISA3                            00000003
TRISA4                            00000004
TRISB                             00000086
TRISB0                            00000000
TRISB1                            00000001
TRISB2                            00000002
TRISB3                            00000003
TRISB4                            00000004
TRISB5                            00000005
TRISB6                            00000006
TRISB7                            00000007
W                                 00000000
WR                                00000001
WREN                              00000002
WRERR                             00000003
Z                                 00000002
_CONFIG                           00002007
_CP_OFF                           00003FFF
_CP_ON                            0000000F
_DEVID1                           00002006
_FOSC_EXTRC                       00003FFF
_FOSC_HS                          00003FFE
_FOSC_LP                          00003FFC
_FOSC_XT                          00003FFD
_HS_OSC                           00003FFE
_IDLOC0                           00002000
_IDLOC1                           00002001
_IDLOC2                           00002002
_IDLOC3                           00002003
_LP_OSC                           00003FFC
_PWRTE_OFF                        00003FFF
_PWRTE_ON                         00003FF7
_RC_OSC                           00003FFF
_WDTE_OFF                         00003FFB
_WDTE_ON                          00003FFF
_WDT_OFF                          00003FFB
_WDT_ON                           00003FFF
_XT_OSC                           00003FFD
MPASM 5.86                          MAIN.ASM   3-25-2026  9:46:29         PAGE  5


SYMBOL TABLE
  LABEL                             VALUE 

__16F84A                          00000001

Errors   :     0
Warnings :     0 reported,     0 suppressed
Messages :     2 reported,     0 suppressed

