MPASM 5.86                          MAIN.ASM   3-26-2026  14:27:48         PAGE  1


LOC  OBJECT CODE     LINE SOURCE TEXT
  VALUE

                      00001 #include "p16f84a.inc"
                      00001         LIST
                      00002 
                      00003 ;==========================================================================
                      00004 ; Build date : Oct 24 2019
                      00005 ;  MPASM PIC16F84A processor include
                      00006 ; 
                      00007 ;  (c) Copyright 1999-2019 Microchip Technology, All rights reserved
                      00008 ;==========================================================================
                      00009 
                      00209         LIST
2007   3FF9           00002  __CONFIG _FOSC_XT & _WDTE_OFF & _PWRTE_OFF & _CP_OFF
  00000010            00003 COUNT1  EQU 0x10
  00000011            00004 COUNT2  EQU 0x11
  00000012            00005 COUNT3  EQU 0x12
                      00006     ORG 0x00
0000   2???           00007     GOTO    MAIN
                      00008     ORG 0x04
0004   0009           00009     RETFIE
0005                  00010 SETUP
0005   1683           00011     BSF     STATUS, RP0
Message[302]: Register in operand not in bank 0.  Ensure that bank bits are correct.
0006   0186           00012     CLRF    TRISB
0007   1283           00013     BCF     STATUS, RP0
0008   0186           00014     CLRF    PORTB
0009   0008           00015     RETURN
000A                  00016 MAIN
000A   2???           00017     CALL    SETUP
000B                  00018 LOOP
000B   1406           00019     BSF     PORTB, 0
000C   2???           00020     CALL    DELAY
000D   1006           00021     BCF     PORTB, 0
000E   2???           00022     CALL    DELAY
000F   2???           00023     GOTO    LOOP
0010                  00024 DELAY
0010   30FF           00025     MOVLW   0xFF
0011   0090           00026     MOVWF   COUNT1
0012                  00027 LOOP1
0012   30FF           00028     MOVLW   0xFF
0013   0091           00029     MOVWF   COUNT2
0014                  00030 LOOP2
0014   30FF           00031     MOVLW   0xFF
0015   0092           00032     MOVWF   COUNT3
0016                  00033 LOOP3
0016   0B92           00034     DECFSZ  COUNT3, F
0017   2???           00035     GOTO    LOOP3
0018   0B91           00036     DECFSZ  COUNT2, F
0019   2???           00037     GOTO    LOOP2
001A   0B90           00038     DECFSZ  COUNT1, F
001B   2???           00039     GOTO    LOOP1
001C   0008           00040     RETURN
Warning[205]: Found directive in column 1. (END)
3FF9                  00041 END
MPASM 5.86                          MAIN.ASM   3-26-2026  14:27:48         PAGE  2


SYMBOL TABLE
  LABEL                             VALUE 

C                                 00000000
COUNT1                            00000010
COUNT2                            00000011
COUNT3                            00000012
DC                                00000001
DELAY                             00000010
EEADR                             00000009
EECON1                            00000088
EECON2                            00000089
EEDATA                            00000008
EEIE                              00000006
EEIF                              00000004
F                                 00000001
FSR                               00000004
GIE                               00000007
INDF                              00000000
INTCON                            0000000B
INTE                              00000004
INTEDG                            00000006
INTF                              00000001
IRP                               00000007
LOOP                              0000000B
LOOP1                             00000012
LOOP2                             00000014
LOOP3                             00000016
MAIN                              0000000A
NOT_PD                            00000003
NOT_RBPU                          00000007
NOT_TO                            00000004
OPTION_REG                        00000081
PCL                               00000002
PCLATH                            0000000A
PORTA                             00000005
PORTB                             00000006
PS0                               00000000
PS1                               00000001
PS2                               00000002
PSA                               00000003
RA0                               00000000
RA1                               00000001
RA2                               00000002
RA3                               00000003
RA4                               00000004
RB0                               00000000
RB1                               00000001
RB2                               00000002
RB3                               00000003
RB4                               00000004
RB5                               00000005
RB6                               00000006
RB7                               00000007
RBIE                              00000003
RBIF                              00000000
MPASM 5.86                          MAIN.ASM   3-26-2026  14:27:48         PAGE  3


SYMBOL TABLE
  LABEL                             VALUE 

RD                                00000000
RP0                               00000005
RP1                               00000006
SETUP                             00000005
STATUS                            00000003
T0CS                              00000005
T0IE                              00000005
T0IF                              00000002
T0SE                              00000004
TMR0                              00000001
TMR0IE                            00000005
TMR0IF                            00000002
TRISA                             00000085
TRISA0                            00000000
TRISA1                            00000001
TRISA2                            00000002
TRISA3                            00000003
TRISA4                            00000004
TRISB                             00000086
TRISB0                            00000000
TRISB1                            00000001
TRISB2                            00000002
TRISB3                            00000003
TRISB4                            00000004
TRISB5                            00000005
TRISB6                            00000006
TRISB7                            00000007
W                                 00000000
WR                                00000001
WREN                              00000002
WRERR                             00000003
Z                                 00000002
_CONFIG                           00002007
_CP_OFF                           00003FFF
_CP_ON                            0000000F
_DEVID1                           00002006
_FOSC_EXTRC                       00003FFF
_FOSC_HS                          00003FFE
_FOSC_LP                          00003FFC
_FOSC_XT                          00003FFD
_HS_OSC                           00003FFE
_IDLOC0                           00002000
_IDLOC1                           00002001
_IDLOC2                           00002002
_IDLOC3                           00002003
_LP_OSC                           00003FFC
_PWRTE_OFF                        00003FFF
_PWRTE_ON                         00003FF7
_RC_OSC                           00003FFF
_WDTE_OFF                         00003FFB
_WDTE_ON                          00003FFF
_WDT_OFF                          00003FFB
_WDT_ON                           00003FFF
MPASM 5.86                          MAIN.ASM   3-26-2026  14:27:48         PAGE  4


SYMBOL TABLE
  LABEL                             VALUE 

_XT_OSC                           00003FFD
__16F84A                          00000001

Errors   :     0
Warnings :     1 reported,     0 suppressed
Messages :     1 reported,     0 suppressed

