MPASM 5.86                          MAIN.ASM   2-27-2026  12:15:09         PAGE  1


LOC  OBJECT CODE     LINE SOURCE TEXT
  VALUE

                      00001 #include "p16f84a.inc"
                      00001         LIST
                      00002 
                      00003 ;==========================================================================
                      00004 ; Build date : Oct 24 2019
                      00005 ;  MPASM PIC16F84A processor include
                      00006 ; 
                      00007 ;  (c) Copyright 1999-2019 Microchip Technology, All rights reserved
                      00008 ;==========================================================================
                      00009 
                      00209         LIST
                      00002 
                      00003 ; CONFIG
                      00004 ; __config 0xFFFB
2007   3FFB           00005  __CONFIG _FOSC_EXTRC & _WDTE_OFF & _PWRTE_OFF & _CP_OFF
                      00006         
  00000013            00007 X       EQU     0x13            ; X register
  00000015            00008 Y       EQU     0x15            ; Y register
  00000019            00009 COUNT   EQU     0x19            ; Counter register
  00000020            00010 XADDY   EQU     0x20            ; X + Y
  00000022            00011 XSUBY   EQU     0x22            ; X - Y
  00000024            00012 XANDY   EQU     0x24            ; X AND Y
  00000026            00013 XXORY   EQU     0x26            ; X XOR Y
  00000028            00014 XORY    EQU     0x28            ; X OR Y
                      00015 
                      00016         ORG     0x00
0000   2???           00017         GOTO    MAIN
                      00018         ORG     0x04
0004   0009           00019         RETFIE
0005                  00020 MAIN
0005   30B0           00021         MOVLW   0xB0            ; Move 0xB0 into W
0006   0093           00022         MOVWF   X               ; Copy W into X
0007   3055           00023         MOVLW   0x55            ; Move 0x55 into W
0008   0095           00024         MOVWF   Y               ; Copy W into Y
                      00025 
0009   0813           00026         MOVF    X,W             ; Copy X into W
000A   0715           00027         ADDWF   Y,W             ; ADD X to Y
000B   00A0           00028         MOVWF   XADDY           ; Copy W into X+Y
000C   0803           00029         MOVF    STATUS,W                ; Copy STATUS into W
000D   00A1           00030         MOVWF   0x21            ; Copy W into 0x21
                      00031         
000E   0813           00032         MOVF    X,W             ; Copy X into W
000F   0215           00033         SUBWF   Y,W             ; Subtract X from Y
0010   00A2           00034         MOVWF   XSUBY           ; Copy W into X-Y
0011   0803           00035         MOVF    STATUS,W        ; Copy STATUS into W
0012   00A3           00036         MOVWF   0x23            ; Copy W into 0x23
                      00037         
0013   0813           00038         MOVF    X,W             ; Copy X into W
0014   0515           00039         ANDWF   Y,W             ; X AND Y
0015   00A4           00040         MOVWF   XANDY           ; Copy W into XANDY
0016   0803           00041         MOVF    STATUS,W        ; Copy STATUS into W
0017   00A5           00042         MOVWF   0x25            ; Copy W into 0x25
                      00043         
MPASM 5.86                          MAIN.ASM   2-27-2026  12:15:09         PAGE  2


LOC  OBJECT CODE     LINE SOURCE TEXT
  VALUE

0018   0813           00044         MOVFW   X               ; Copy X into W
0019   0615           00045         XORWF   Y,W             ; X XOR Y
001A   00A6           00046         MOVWF   XXORY           ; Copy W into XXORY
001B   0803           00047         MOVF    STATUS,W        ; Copy STATUS into W
001C   00A7           00048         MOVWF   0x27            ; Copy W into 0x27
                      00049         
001D   0813           00050         MOVFW   X               ; Copy X into W
001E   0415           00051         IORWF   Y,W             ; X OR Y
001F   00A8           00052         MOVWF   XORY            ; Copy W into XORY
0020   0803           00053         MOVF    STATUS,W        ; Copy STATUS into W
0021   00A9           00054         MOVWF   0x29            ; Copy W into 0x29
                      00055         
0022   3007           00056         MOVLW   0x07            ; Loop 7 times
0023   0099           00057         MOVWF   COUNT
0024   3040           00058         MOVLW   0x40            ; Starting address
0025   0084           00059         MOVWF   FSR
0026   3033           00060         MOVLW   0x33            ; Starting data value
0027                  00061 LOOP
0027   0080           00062         MOVWF   INDF            ; Store in [FSR]
0028   0A84           00063         INCF    FSR, 1          ; Move to next address
0029   3E03           00064         ADDLW   0x03            ; Add 3 to data
002A   0399           00065         DECF    COUNT, 1        ; Decrement counter
002B   1D03           00066         BTFSS   STATUS, Z       ; Skip if counter = 0
002C   2???           00067         GOTO    LOOP
002D   2???           00068         GOTO    $
3FFB                  00069         END
MPASM 5.86                          MAIN.ASM   2-27-2026  12:15:09         PAGE  3


SYMBOL TABLE
  LABEL                             VALUE 

C                                 00000000
COUNT                             00000019
DC                                00000001
EEADR                             00000009
EECON1                            00000088
EECON2                            00000089
EEDATA                            00000008
EEIE                              00000006
EEIF                              00000004
F                                 00000001
FSR                               00000004
GIE                               00000007
INDF                              00000000
INTCON                            0000000B
INTE                              00000004
INTEDG                            00000006
INTF                              00000001
IRP                               00000007
LOOP                              00000027
MAIN                              00000005
NOT_PD                            00000003
NOT_RBPU                          00000007
NOT_TO                            00000004
OPTION_REG                        00000081
PCL                               00000002
PCLATH                            0000000A
PORTA                             00000005
PORTB                             00000006
PS0                               00000000
PS1                               00000001
PS2                               00000002
PSA                               00000003
RA0                               00000000
RA1                               00000001
RA2                               00000002
RA3                               00000003
RA4                               00000004
RB0                               00000000
RB1                               00000001
RB2                               00000002
RB3                               00000003
RB4                               00000004
RB5                               00000005
RB6                               00000006
RB7                               00000007
RBIE                              00000003
RBIF                              00000000
RD                                00000000
RP0                               00000005
RP1                               00000006
STATUS                            00000003
T0CS                              00000005
T0IE                              00000005
MPASM 5.86                          MAIN.ASM   2-27-2026  12:15:09         PAGE  4


SYMBOL TABLE
  LABEL                             VALUE 

T0IF                              00000002
T0SE                              00000004
TMR0                              00000001
TMR0IE                            00000005
TMR0IF                            00000002
TRISA                             00000085
TRISA0                            00000000
TRISA1                            00000001
TRISA2                            00000002
TRISA3                            00000003
TRISA4                            00000004
TRISB                             00000086
TRISB0                            00000000
TRISB1                            00000001
TRISB2                            00000002
TRISB3                            00000003
TRISB4                            00000004
TRISB5                            00000005
TRISB6                            00000006
TRISB7                            00000007
W                                 00000000
WR                                00000001
WREN                              00000002
WRERR                             00000003
X                                 00000013
XADDY                             00000020
XANDY                             00000024
XORY                              00000028
XSUBY                             00000022
XXORY                             00000026
Y                                 00000015
Z                                 00000002
_.org_1_002D                      0000002D
_CONFIG                           00002007
_CP_OFF                           00003FFF
_CP_ON                            0000000F
_DEVID1                           00002006
_FOSC_EXTRC                       00003FFF
_FOSC_HS                          00003FFE
_FOSC_LP                          00003FFC
_FOSC_XT                          00003FFD
_HS_OSC                           00003FFE
_IDLOC0                           00002000
_IDLOC1                           00002001
_IDLOC2                           00002002
_IDLOC3                           00002003
_LP_OSC                           00003FFC
_PWRTE_OFF                        00003FFF
_PWRTE_ON                         00003FF7
_RC_OSC                           00003FFF
_WDTE_OFF                         00003FFB
_WDTE_ON                          00003FFF
_WDT_OFF                          00003FFB
MPASM 5.86                          MAIN.ASM   2-27-2026  12:15:09         PAGE  5


SYMBOL TABLE
  LABEL                             VALUE 

_WDT_ON                           00003FFF
_XT_OSC                           00003FFD
__16F84A                          00000001
__DEBUG                           
__MPLAB_DEBUGGER_SIMULATOR        1

Errors   :     0
Warnings :     0 reported,     0 suppressed
Messages :     0 reported,     0 suppressed

