MPASM 5.86                          MAIN.ASM   4-12-2026  23:57:03         PAGE  1


LOC  OBJECT CODE     LINE SOURCE TEXT
  VALUE

                      00001 #include "p16f84a.inc"
                      00001         LIST
                      00002 
                      00003 ;==========================================================================
                      00004 ; Build date : Oct 24 2019
                      00005 ;  MPASM PIC16F84A processor include
                      00006 ; 
                      00007 ;  (c) Copyright 1999-2019 Microchip Technology, All rights reserved
                      00008 ;==========================================================================
                      00009 
                      00209         LIST
                      00002 
2007   3FF9           00003     __CONFIG _FOSC_XT & _WDTE_OFF & _PWRTE_OFF & _CP_OFF
                      00004 
Warning[205]: Found directive in column 1. (CBLOCK)
                      00005 CBLOCK 0x0C
  0000000C            00006     REDLED
  0000000D            00007     GREENLED
Warning[205]: Found directive in column 1. (ENDC)
                      00008 ENDC
                      00009 
                      00010     ORG     0x00
0000   2???           00011     GOTO    SETUP
                      00012     ORG     0x04
0004   0009           00013     RETFIE
                      00014 
                      00015 ;--------------------------------------------------
0005                  00016 SETPORT
0005   1683           00017     BSF     STATUS, RP0     ; Bank 1
Message[302]: Register in operand not in bank 0.  Ensure that bank bits are correct.
0006   0185           00018     CLRF    TRISA           ; PORTA all outputs
0007   30FF           00019     MOVLW   0xFF
Message[302]: Register in operand not in bank 0.  Ensure that bank bits are correct.
0008   0086           00020     MOVWF   TRISB           ; PORTB all inputs
0009   1283           00021     BCF     STATUS, RP0     ; Bank 0
000A   0008           00022     RETURN
                      00023 
                      00024 ;--------------------------------------------------
000B                  00025 SETUP
000B   2???           00026     CALL    SETPORT
000C   0185           00027     CLRF    PORTA
000D   3001           00028     MOVLW   0x01
000E   008C           00029     MOVWF   REDLED          ; RA0 = Red LED
000F   3002           00030     MOVLW   0x02
0010   008D           00031     MOVWF   GREENLED        ; RA1 = Green LED
0011   2???           00032     GOTO    MAIN
                      00033 
                      00034 ;--------------------------------------------------
                      00035 ; AA
0012                  00036 MAIN
0012   0806           00037     MOVF    PORTB, W        ; Read weight
0013   3EF5           00038     ADDLW   D'245'          ; Carry set if PORTB >= 11 (WEIGHT > 10)
0014   1803           00039     BTFSC   STATUS, C
MPASM 5.86                          MAIN.ASM   4-12-2026  23:57:03         PAGE  2


LOC  OBJECT CODE     LINE SOURCE TEXT
  VALUE

0015   2???           00040     GOTO    GREEN           ; Yes -> GREENON -> BB
0016   2???           00041     GOTO    RED             ; No  -> REDON  -> BB
                      00042 
                      00043 ;--------------------------------------------------
0017                  00044 GREEN                       ; GREENON
0017   2???           00045     CALL    GREENLEDON
0018   2???           00046     GOTO    MAIN            ; BB -> back to AA
                      00047 
0019                  00048 RED                         ; REDON
0019   2???           00049     CALL    REDLEDON
001A   2???           00050     GOTO    MAIN            ; BB -> back to AA
                      00051 
                      00052 ;--------------------------------------------------
001B                  00053 REDLEDON
001B   080C           00054     MOVF    REDLED, W
001C   0085           00055     MOVWF   PORTA
001D   0008           00056     RETURN
                      00057 
001E                  00058 GREENLEDON
001E   080D           00059     MOVF    GREENLED, W
001F   0085           00060     MOVWF   PORTA
0020   0008           00061     RETURN
                      00062 
3FF9                  00063     END
MPASM 5.86                          MAIN.ASM   4-12-2026  23:57:03         PAGE  3


SYMBOL TABLE
  LABEL                             VALUE 

C                                 00000000
DC                                00000001
EEADR                             00000009
EECON1                            00000088
EECON2                            00000089
EEDATA                            00000008
EEIE                              00000006
EEIF                              00000004
F                                 00000001
FSR                               00000004
GIE                               00000007
GREEN                             00000017
GREENLED                          0000000D
GREENLEDON                        0000001E
INDF                              00000000
INTCON                            0000000B
INTE                              00000004
INTEDG                            00000006
INTF                              00000001
IRP                               00000007
MAIN                              00000012
NOT_PD                            00000003
NOT_RBPU                          00000007
NOT_TO                            00000004
OPTION_REG                        00000081
PCL                               00000002
PCLATH                            0000000A
PORTA                             00000005
PORTB                             00000006
PS0                               00000000
PS1                               00000001
PS2                               00000002
PSA                               00000003
RA0                               00000000
RA1                               00000001
RA2                               00000002
RA3                               00000003
RA4                               00000004
RB0                               00000000
RB1                               00000001
RB2                               00000002
RB3                               00000003
RB4                               00000004
RB5                               00000005
RB6                               00000006
RB7                               00000007
RBIE                              00000003
RBIF                              00000000
RD                                00000000
RED                               00000019
REDLED                            0000000C
REDLEDON                          0000001B
RP0                               00000005
MPASM 5.86                          MAIN.ASM   4-12-2026  23:57:03         PAGE  4


SYMBOL TABLE
  LABEL                             VALUE 

RP1                               00000006
SETPORT                           00000005
SETUP                             0000000B
STATUS                            00000003
T0CS                              00000005
T0IE                              00000005
T0IF                              00000002
T0SE                              00000004
TMR0                              00000001
TMR0IE                            00000005
TMR0IF                            00000002
TRISA                             00000085
TRISA0                            00000000
TRISA1                            00000001
TRISA2                            00000002
TRISA3                            00000003
TRISA4                            00000004
TRISB                             00000086
TRISB0                            00000000
TRISB1                            00000001
TRISB2                            00000002
TRISB3                            00000003
TRISB4                            00000004
TRISB5                            00000005
TRISB6                            00000006
TRISB7                            00000007
W                                 00000000
WR                                00000001
WREN                              00000002
WRERR                             00000003
Z                                 00000002
_CONFIG                           00002007
_CP_OFF                           00003FFF
_CP_ON                            0000000F
_DEVID1                           00002006
_FOSC_EXTRC                       00003FFF
_FOSC_HS                          00003FFE
_FOSC_LP                          00003FFC
_FOSC_XT                          00003FFD
_HS_OSC                           00003FFE
_IDLOC0                           00002000
_IDLOC1                           00002001
_IDLOC2                           00002002
_IDLOC3                           00002003
_LP_OSC                           00003FFC
_PWRTE_OFF                        00003FFF
_PWRTE_ON                         00003FF7
_RC_OSC                           00003FFF
_WDTE_OFF                         00003FFB
_WDTE_ON                          00003FFF
_WDT_OFF                          00003FFB
_WDT_ON                           00003FFF
_XT_OSC                           00003FFD
MPASM 5.86                          MAIN.ASM   4-12-2026  23:57:03         PAGE  5


SYMBOL TABLE
  LABEL                             VALUE 

__16F84A                          00000001

Errors   :     0
Warnings :     2 reported,     0 suppressed
Messages :     2 reported,     0 suppressed

