MPASM 5.86                          MAIN.ASM   4-12-2026  23:04:54         PAGE  1


LOC  OBJECT CODE     LINE SOURCE TEXT
  VALUE

                      00001 #include "p16f84a.inc"
                      00001         LIST
                      00002 
                      00003 ;==========================================================================
                      00004 ; Build date : Oct 24 2019
                      00005 ;  MPASM PIC16F84A processor include
                      00006 ; 
                      00007 ;  (c) Copyright 1999-2019 Microchip Technology, All rights reserved
                      00008 ;==========================================================================
                      00009 
                      00209         LIST
                      00002 
                      00003 ; CONFIG
                      00004 ; __config 0xFFF9
2007   3FF9           00005  __CONFIG _FOSC_XT & _WDTE_OFF & _PWRTE_OFF & _CP_OFF
                      00006 
Warning[205]: Found directive in column 1. (CBLOCK)
                      00007 CBLOCK 0X10
  00000010            00008     COIN
  00000011            00009     COUNT1
  00000012            00010     COUNT2
  00000013            00011     COUNT3
  00000014            00012     MINCOUNT
Warning[205]: Found directive in column 1. (ENDC)
                      00013 ENDC
                      00014     
                      00015     ORG     0X00
0000   2???           00016     GOTO    SETUP
                      00017     ORG     0X04
0004   0009           00018     RETFIE
                      00019     
0005                  00020 SETPORT
0005   1683           00021     BSF     STATUS, RP0
0006   30FF           00022     MOVLW   0XFF
Message[302]: Register in operand not in bank 0.  Ensure that bank bits are correct.
0007   0085           00023     MOVWF   TRISA
Message[302]: Register in operand not in bank 0.  Ensure that bank bits are correct.
0008   0186           00024     CLRF    TRISB
0009   0180           00025     CLRF    W
000A   1283           00026     BCF     STATUS, RP0
000B   0008           00027     RETURN
                      00028     
000C                  00029 SETUP
000C   2???           00030     CALL    SETPORT
000D   0186           00031     CLRF    PORTB
000E   0185           00032     CLRF    PORTA
000F   2???           00033     GOTO    MAIN
                      00034     
0010                  00035 MAIN
0010   2???           00036     CALL    MINUTE
0011   1406           00037     BSF     PORTB,0
0012   2???           00038     CALL    MINUTE
0013   1006           00039     BCF     PORTB,0
MPASM 5.86                          MAIN.ASM   4-12-2026  23:04:54         PAGE  2


LOC  OBJECT CODE     LINE SOURCE TEXT
  VALUE

                      00040 
                      00041 
0014                  00042 MINUTE
0014   303C           00043     MOVLW   0X3C
0015   0094           00044     MOVWF   MINCOUNT
0016                  00045 MINUTE1
0016   2???           00046     CALL    SECOND
0017   0B94           00047     DECFSZ  MINCOUNT,1
0018   2???           00048     GOTO    MINUTE1
0019   0008           00049     RETURN
                      00050 
001A                  00051 SECOND
001A   303B           00052     MOVLW   D'59'
001B   0091           00053     MOVWF   COUNT1
001C                  00054 L1
001C   304A           00055     MOVLW   D'74'
001D   0092           00056     MOVWF   COUNT2
001E                  00057 L2
001E   304B           00058     MOVLW   D'75'
001F   0093           00059     MOVWF   COUNT3
0020                  00060 L3
                      00061 
Message[305]: Using default destination of 1 (file).
0020   0B93           00062     DECFSZ  COUNT3
0021   2???           00063     GOTO    L3
                      00064     
Message[305]: Using default destination of 1 (file).
0022   0B92           00065     DECFSZ  COUNT2
0023   2???           00066     GOTO    L2
                      00067     
Message[305]: Using default destination of 1 (file).
0024   0B91           00068     DECFSZ  COUNT1
0025   2???           00069     GOTO    L1
0026   0008           00070     RETURN
                      00071     
3FF9                  00072     END
MPASM 5.86                          MAIN.ASM   4-12-2026  23:04:54         PAGE  3


SYMBOL TABLE
  LABEL                             VALUE 

C                                 00000000
COIN                              00000010
COUNT1                            00000011
COUNT2                            00000012
COUNT3                            00000013
DC                                00000001
EEADR                             00000009
EECON1                            00000088
EECON2                            00000089
EEDATA                            00000008
EEIE                              00000006
EEIF                              00000004
F                                 00000001
FSR                               00000004
GIE                               00000007
INDF                              00000000
INTCON                            0000000B
INTE                              00000004
INTEDG                            00000006
INTF                              00000001
IRP                               00000007
L1                                0000001C
L2                                0000001E
L3                                00000020
MAIN                              00000010
MINCOUNT                          00000014
MINUTE                            00000014
MINUTE1                           00000016
NOT_PD                            00000003
NOT_RBPU                          00000007
NOT_TO                            00000004
OPTION_REG                        00000081
PCL                               00000002
PCLATH                            0000000A
PORTA                             00000005
PORTB                             00000006
PS0                               00000000
PS1                               00000001
PS2                               00000002
PSA                               00000003
RA0                               00000000
RA1                               00000001
RA2                               00000002
RA3                               00000003
RA4                               00000004
RB0                               00000000
RB1                               00000001
RB2                               00000002
RB3                               00000003
RB4                               00000004
RB5                               00000005
RB6                               00000006
RB7                               00000007
MPASM 5.86                          MAIN.ASM   4-12-2026  23:04:54         PAGE  4


SYMBOL TABLE
  LABEL                             VALUE 

RBIE                              00000003
RBIF                              00000000
RD                                00000000
RP0                               00000005
RP1                               00000006
SECOND                            0000001A
SETPORT                           00000005
SETUP                             0000000C
STATUS                            00000003
T0CS                              00000005
T0IE                              00000005
T0IF                              00000002
T0SE                              00000004
TMR0                              00000001
TMR0IE                            00000005
TMR0IF                            00000002
TRISA                             00000085
TRISA0                            00000000
TRISA1                            00000001
TRISA2                            00000002
TRISA3                            00000003
TRISA4                            00000004
TRISB                             00000086
TRISB0                            00000000
TRISB1                            00000001
TRISB2                            00000002
TRISB3                            00000003
TRISB4                            00000004
TRISB5                            00000005
TRISB6                            00000006
TRISB7                            00000007
W                                 00000000
WR                                00000001
WREN                              00000002
WRERR                             00000003
Z                                 00000002
_CONFIG                           00002007
_CP_OFF                           00003FFF
_CP_ON                            0000000F
_DEVID1                           00002006
_FOSC_EXTRC                       00003FFF
_FOSC_HS                          00003FFE
_FOSC_LP                          00003FFC
_FOSC_XT                          00003FFD
_HS_OSC                           00003FFE
_IDLOC0                           00002000
_IDLOC1                           00002001
_IDLOC2                           00002002
_IDLOC3                           00002003
_LP_OSC                           00003FFC
_PWRTE_OFF                        00003FFF
_PWRTE_ON                         00003FF7
_RC_OSC                           00003FFF
MPASM 5.86                          MAIN.ASM   4-12-2026  23:04:54         PAGE  5


SYMBOL TABLE
  LABEL                             VALUE 

_WDTE_OFF                         00003FFB
_WDTE_ON                          00003FFF
_WDT_OFF                          00003FFB
_WDT_ON                           00003FFF
_XT_OSC                           00003FFD
__16F84A                          00000001

Errors   :     0
Warnings :     2 reported,     0 suppressed
Messages :     5 reported,     0 suppressed

