MPASM 5.86                          MAIN.ASM   4-10-2026  13:28:09         PAGE  1


LOC  OBJECT CODE     LINE SOURCE TEXT
  VALUE

                      00001 #include "p16f84a.inc"
                      00001         LIST
                      00002 
                      00003 ;==========================================================================
                      00004 ; Build date : Oct 24 2019
                      00005 ;  MPASM PIC16F84A processor include
                      00006 ; 
                      00007 ;  (c) Copyright 1999-2019 Microchip Technology, All rights reserved
                      00008 ;==========================================================================
                      00009 
                      00209         LIST
                      00002 
                      00003 ; CONFIG
                      00004 ; __config 0xFFF9
2007   3FF9           00005  __CONFIG _FOSC_XT & _WDTE_OFF & _PWRTE_OFF & _CP_OFF
                      00006 
Warning[205]: Found directive in column 1. (CBLOCK)
                      00007 CBLOCK 0X10
  00000010            00008     COIN
Warning[205]: Found directive in column 1. (ENDC)
                      00009 ENDC
                      00010     
                      00011     ORG     0X00
0000   2???           00012     GOTO    SETUP
                      00013     ORG     0X04
0004   0009           00014     RETFIE
                      00015     
0005                  00016 SETPORT
0005   1683           00017     BSF     STATUS, RP0
0006   30FF           00018     MOVLW   0XFF
Message[302]: Register in operand not in bank 0.  Ensure that bank bits are correct.
0007   0085           00019     MOVWF   TRISA
Message[302]: Register in operand not in bank 0.  Ensure that bank bits are correct.
0008   0186           00020     CLRF    TRISB
0009   0180           00021     CLRF    W
000A   1283           00022     BCF     STATUS, RP0
000B   0008           00023     RETURN
                      00024     
000C                  00025 SETUP
000C   2???           00026     CALL    SETPORT
000D   2???           00027     GOTO    MAIN
                      00028     
000E                  00029 MAIN
000E   2???           00030     CALL    MONITOR
000F   0810           00031     MOVFW   COIN
0010   0086           00032     MOVWF   PORTB
0011   2???           00033     GOTO    MAIN
                      00034 
                      00035     
                      00036 ;    
                      00037 ;MONITOR
                      00038 ;    BTFSS   PORTA, 1
                      00039 ;    GOTO    MONITOR
MPASM 5.86                          MAIN.ASM   4-10-2026  13:28:09         PAGE  2


LOC  OBJECT CODE     LINE SOURCE TEXT
  VALUE

                      00040 ;    RETURN
                      00041     
0012                  00042 MONITOR    
0012   1905           00043     BTFSC   PORTA, 2
0013   2???           00044     GOTO    COIN1
0014   1985           00045     BTFSC   PORTA, 3
0015   2???           00046     GOTO    COIN2
0016   1A05           00047     BTFSC   PORTA, 4
0017   2???           00048     GOTO    COIN3
0018   2???           00049     GOTO    MONITOR
0019                  00050 COIN1
0019   3005           00051     MOVLW   0X05
001A   0090           00052     MOVWF   COIN
001B   0008           00053     RETURN
001C                  00054 COIN2
001C   300A           00055     MOVLW   0X0A
001D   0090           00056     MOVWF   COIN
001E   0008           00057     RETURN
001F                  00058 COIN3
001F   3019           00059     MOVLW   0X19
0020   0090           00060     MOVWF   COIN
0021   0008           00061     RETURN
                      00062     
                      00063 ;MINUTE
                      00064 ;    MOVLW   0X3C
                      00065 ;    MOVWF   MINCOUNT
                      00066 ;MINUTE1
                      00067 ;    CALL    SECOND
                      00068 ;    DECFSZ  MINCOUNT,1
                      00069 ;    GOTO    MINUTE1
                      00070 ;    RETURN
                      00071 ;    
                      00072 ;AA
                      00073 ;    MOVLW   0XF0
                      00074 ;    SUBWF   WEIGHT
                      00075 ;    BTFSC   STATUS,C
                      00076 ;    CALL    GREENON
                      00077 ;    CALL    REDON
                      00078 ;    RETURN
                      00079    
3FF9                  00080     END
MPASM 5.86                          MAIN.ASM   4-10-2026  13:28:09         PAGE  3


SYMBOL TABLE
  LABEL                             VALUE 

C                                 00000000
COIN                              00000010
COIN1                             00000019
COIN2                             0000001C
COIN3                             0000001F
DC                                00000001
EEADR                             00000009
EECON1                            00000088
EECON2                            00000089
EEDATA                            00000008
EEIE                              00000006
EEIF                              00000004
F                                 00000001
FSR                               00000004
GIE                               00000007
INDF                              00000000
INTCON                            0000000B
INTE                              00000004
INTEDG                            00000006
INTF                              00000001
IRP                               00000007
MAIN                              0000000E
MONITOR                           00000012
NOT_PD                            00000003
NOT_RBPU                          00000007
NOT_TO                            00000004
OPTION_REG                        00000081
PCL                               00000002
PCLATH                            0000000A
PORTA                             00000005
PORTB                             00000006
PS0                               00000000
PS1                               00000001
PS2                               00000002
PSA                               00000003
RA0                               00000000
RA1                               00000001
RA2                               00000002
RA3                               00000003
RA4                               00000004
RB0                               00000000
RB1                               00000001
RB2                               00000002
RB3                               00000003
RB4                               00000004
RB5                               00000005
RB6                               00000006
RB7                               00000007
RBIE                              00000003
RBIF                              00000000
RD                                00000000
RP0                               00000005
RP1                               00000006
MPASM 5.86                          MAIN.ASM   4-10-2026  13:28:09         PAGE  4


SYMBOL TABLE
  LABEL                             VALUE 

SETPORT                           00000005
SETUP                             0000000C
STATUS                            00000003
T0CS                              00000005
T0IE                              00000005
T0IF                              00000002
T0SE                              00000004
TMR0                              00000001
TMR0IE                            00000005
TMR0IF                            00000002
TRISA                             00000085
TRISA0                            00000000
TRISA1                            00000001
TRISA2                            00000002
TRISA3                            00000003
TRISA4                            00000004
TRISB                             00000086
TRISB0                            00000000
TRISB1                            00000001
TRISB2                            00000002
TRISB3                            00000003
TRISB4                            00000004
TRISB5                            00000005
TRISB6                            00000006
TRISB7                            00000007
W                                 00000000
WR                                00000001
WREN                              00000002
WRERR                             00000003
Z                                 00000002
_CONFIG                           00002007
_CP_OFF                           00003FFF
_CP_ON                            0000000F
_DEVID1                           00002006
_FOSC_EXTRC                       00003FFF
_FOSC_HS                          00003FFE
_FOSC_LP                          00003FFC
_FOSC_XT                          00003FFD
_HS_OSC                           00003FFE
_IDLOC0                           00002000
_IDLOC1                           00002001
_IDLOC2                           00002002
_IDLOC3                           00002003
_LP_OSC                           00003FFC
_PWRTE_OFF                        00003FFF
_PWRTE_ON                         00003FF7
_RC_OSC                           00003FFF
_WDTE_OFF                         00003FFB
_WDTE_ON                          00003FFF
_WDT_OFF                          00003FFB
_WDT_ON                           00003FFF
_XT_OSC                           00003FFD
__16F84A                          00000001
MPASM 5.86                          MAIN.ASM   4-10-2026  13:28:09         PAGE  5






Errors   :     0
Warnings :     2 reported,     0 suppressed
Messages :     2 reported,     0 suppressed

